#
# There is insufficient memory for the Java Runtime Environment to continue.
# Native memory allocation (malloc) failed to allocate 229136 bytes for Chunk::new
# Possible reasons:
#   The system is out of physical RAM or swap space
#   In 32 bit mode, the process size limit was hit
# Possible solutions:
#   Reduce memory load on the system
#   Increase physical memory or swap space
#   Check if swap backing store is full
#   Use 64 bit Java on a 64 bit OS
#   Decrease Java heap size (-Xmx/-Xms)
#   Decrease number of Java threads
#   Decrease Java thread stack sizes (-Xss)
#   Set larger code cache with -XX:ReservedCodeCacheSize=
# This output file may be truncated or incomplete.
#
#  Out of Memory Error (allocation.cpp:390), pid=10132, tid=6340
#
# JRE version: Java(TM) SE Runtime Environment (8.0_65-b17) (build 1.8.0_65-b17)
# Java VM: Java HotSpot(TM) 64-Bit Server VM (25.65-b01 mixed mode windows-amd64 compressed oops)
# Failed to write core dump. Minidumps are not enabled by default on client versions of Windows
#

---------------  T H R E A D  ---------------

Current thread (0x0000000015d6c000):  JavaThread "C2 CompilerThread0" daemon [_thread_in_native, id=6340, stack(0x0000000017310000,0x0000000017410000)]

Stack: [0x0000000017310000,0x0000000017410000]
[error occurred during error reporting (printing stack bounds), id 0xc0000005]

Native frames: (J=compiled Java code, j=interpreted, Vv=VM code, C=native code)


Current CompileTask:
C2:  71265 2611   !   4       com.android.dx.cf.code.Ropper::processBlock (1101 bytes)


---------------  P R O C E S S  ---------------

Java Threads: ( => current thread )
  0x000000001816d800 JavaThread "pool-2-thread-4" [_thread_blocked, id=7216, stack(0x00000000197e0000,0x00000000198e0000)]
  0x000000001816d000 JavaThread "pool-2-thread-3" [_thread_blocked, id=8328, stack(0x00000000196e0000,0x00000000197e0000)]
  0x00000000183b2000 JavaThread "pool-2-thread-2" [_thread_blocked, id=9364, stack(0x00000000195e0000,0x00000000196e0000)]
  0x00000000184de000 JavaThread "pool-3-thread-1" [_thread_blocked, id=3992, stack(0x00000000194e0000,0x00000000195e0000)]
  0x0000000017ecc000 JavaThread "pool-2-thread-1" [_thread_blocked, id=10156, stack(0x00000000193e0000,0x00000000194e0000)]
  0x000000001746d800 JavaThread "Service Thread" daemon [_thread_blocked, id=5448, stack(0x0000000017a10000,0x0000000017b10000)]
  0x0000000017413000 JavaThread "C1 CompilerThread2" daemon [_thread_blocked, id=3424, stack(0x0000000017910000,0x0000000017a10000)]
  0x0000000015dbe800 JavaThread "C2 CompilerThread1" daemon [_thread_blocked, id=5024, stack(0x0000000017810000,0x0000000017910000)]
=>0x0000000015d6c000 JavaThread "C2 CompilerThread0" daemon [_thread_in_native, id=6340, stack(0x0000000017310000,0x0000000017410000)]
  0x0000000015d6a000 JavaThread "Attach Listener" daemon [_thread_blocked, id=2068, stack(0x0000000017210000,0x0000000017310000)]
  0x0000000015db8800 JavaThread "Signal Dispatcher" daemon [_thread_blocked, id=4252, stack(0x0000000017110000,0x0000000017210000)]
  0x0000000003635800 JavaThread "Finalizer" daemon [_thread_blocked, id=5156, stack(0x0000000016fb0000,0x00000000170b0000)]
  0x000000000362d800 JavaThread "Reference Handler" daemon [_thread_blocked, id=3112, stack(0x0000000016eb0000,0x0000000016fb0000)]
  0x0000000003540800 JavaThread "main" [_thread_blocked, id=1264, stack(0x00000000030d0000,0x00000000031d0000)]

Other Threads:
  0x0000000015d26800 VMThread [stack: 0x0000000016db0000,0x0000000016eb0000] [id=8188]
  0x0000000017474000 WatcherThread [stack: 0x0000000017b10000,0x0000000017c10000] [id=7512]

VM state:at safepoint (normal execution)

VM Mutex/Monitor currently owned by a thread:  ([mutex/lock_event])
[0x000000000368c8a0] Threads_lock - owner thread: 0x0000000015d26800
[0x000000000368c7a0] Heap_lock - owner thread: 0x000000001816d800

Heap:
 PSYoungGen      total 238592K, used 159744K [0x00000000eab00000, 0x0000000100000000, 0x0000000100000000)
  eden space 159744K, 100% used [0x00000000eab00000,0x00000000f4700000,0x00000000f4700000)
  from space 78848K, 0% used [0x00000000fb300000,0x00000000fb300000,0x0000000100000000)
  to   space 94720K, 0% used [0x00000000f4700000,0x00000000f4700000,0x00000000fa380000)
 ParOldGen       total 209408K, used 209368K [0x00000000c0000000, 0x00000000ccc80000, 0x00000000eab00000)
  object space 209408K, 99% used [0x00000000c0000000,0x00000000ccc760f8,0x00000000ccc80000)
 Metaspace       used 6670K, capacity 7320K, committed 7680K, reserved 1056768K
  class space    used 627K, capacity 656K, committed 768K, reserved 1048576K

Card table byte_map: [0x0000000012a50000,0x0000000012c60000] byte_map_base: 0x0000000012450000

Marking Bits: (ParMarkBitMap*) 0x000000005f06a5b0
 Begin Bits: [0x00000000131c0000, 0x00000000141c0000)
 End Bits:   [0x00000000141c0000, 0x00000000151c0000)

Polling page: 0x0000000001920000

CodeCache: size=245760Kb used=11164Kb max_used=11583Kb free=234595Kb
 bounds [0x0000000003690000, 0x0000000004220000, 0x0000000012690000]
 total_blobs=2538 nmethods=2267 adapters=184
 compilation: enabled

Compilation events (10 events):
Event: 69.236 Thread 0x0000000015dbe800 nmethod 2548 0x00000000039c4b90 code [0x00000000039c4e00, 0x00000000039c63d0]
Event: 69.236 Thread 0x0000000015dbe800 2660 %     4       sun.nio.cs.UTF_8$Encoder::encode @ 20 (359 bytes)
Event: 69.245 Thread 0x0000000015dbe800 nmethod 2660% 0x0000000003929c50 code [0x0000000003929da0, 0x000000000392a1b8]
Event: 69.245 Thread 0x0000000015dbe800 2661       4       com.android.dx.cf.iface.StdMember::<init> (69 bytes)
Event: 69.247 Thread 0x0000000015dbe800 nmethod 2661 0x0000000003c47b10 code [0x0000000003c47c40, 0x0000000003c47d38]
Event: 69.248 Thread 0x0000000015dbe800 2547       4       com.android.dx.dex.code.RopTranslator$1::visitPlainCstInsn (64 bytes)
Event: 69.251 Thread 0x0000000015dbe800 nmethod 2547 0x0000000003994950 code [0x0000000003994aa0, 0x0000000003994bf8]
Event: 69.251 Thread 0x0000000015dbe800 2566       4       com.android.dx.dex.code.RopTranslator$TranslationVisitor::visitPlainCstInsn (161 bytes)
Event: 69.291 Thread 0x0000000015dbe800 nmethod 2566 0x0000000003dbdd50 code [0x0000000003dbdf20, 0x0000000003dbec48]
Event: 69.292 Thread 0x0000000015dbe800 2664       4       com.android.dx.dex.file.ValueEncoder::addContents (75 bytes)

GC Heap History (10 events):
Event: 63.085 GC heap after
Heap after GC invocations=34 (full 16):
 PSYoungGen      total 238592K, used 141481K [0x00000000eab00000, 0x0000000100000000, 0x0000000100000000)
  eden space 159744K, 88% used [0x00000000eab00000,0x00000000f352a7c0,0x00000000f4700000)
  from space 78848K, 0% used [0x00000000fb300000,0x00000000fb300000,0x0000000100000000)
  to   space 94720K, 0% used [0x00000000f4700000,0x00000000f4700000,0x00000000fa380000)
 ParOldGen       total 209408K, used 209368K [0x00000000c0000000, 0x00000000ccc80000, 0x00000000eab00000)
  object space 209408K, 99% used [0x00000000c0000000,0x00000000ccc76198,0x00000000ccc80000)
 Metaspace       used 6670K, capacity 7320K, committed 7680K, reserved 1056768K
  class space    used 627K, capacity 656K, committed 768K, reserved 1048576K
}
Event: 63.204 GC heap before
{Heap before GC invocations=35 (full 17):
 PSYoungGen      total 238592K, used 159744K [0x00000000eab00000, 0x0000000100000000, 0x0000000100000000)
  eden space 159744K, 100% used [0x00000000eab00000,0x00000000f4700000,0x00000000f4700000)
  from space 78848K, 0% used [0x00000000fb300000,0x00000000fb300000,0x0000000100000000)
  to   space 94720K, 0% used [0x00000000f4700000,0x00000000f4700000,0x00000000fa380000)
 ParOldGen       total 209408K, used 209368K [0x00000000c0000000, 0x00000000ccc80000, 0x00000000eab00000)
  object space 209408K, 99% used [0x00000000c0000000,0x00000000ccc76198,0x00000000ccc80000)
 Metaspace       used 6670K, capacity 7320K, committed 7680K, reserved 1056768K
  class space    used 627K, capacity 656K, committed 768K, reserved 1048576K
Event: 65.738 GC heap after
Heap after GC invocations=35 (full 17):
 PSYoungGen      total 238592K, used 144692K [0x00000000eab00000, 0x0000000100000000, 0x0000000100000000)
  eden space 159744K, 90% used [0x00000000eab00000,0x00000000f384d0d8,0x00000000f4700000)
  from space 78848K, 0% used [0x00000000fb300000,0x00000000fb300000,0x0000000100000000)
  to   space 94720K, 0% used [0x00000000f4700000,0x00000000f4700000,0x00000000fa380000)
 ParOldGen       total 209408K, used 209368K [0x00000000c0000000, 0x00000000ccc80000, 0x00000000eab00000)
  object space 209408K, 99% used [0x00000000c0000000,0x00000000ccc76198,0x00000000ccc80000)
 Metaspace       used 6670K, capacity 7320K, committed 7680K, reserved 1056768K
  class space    used 627K, capacity 656K, committed 768K, reserved 1048576K
}
Event: 65.855 GC heap before
{Heap before GC invocations=36 (full 18):
 PSYoungGen      total 238592K, used 159744K [0x00000000eab00000, 0x0000000100000000, 0x0000000100000000)
  eden space 159744K, 100% used [0x00000000eab00000,0x00000000f4700000,0x00000000f4700000)
  from space 78848K, 0% used [0x00000000fb300000,0x00000000fb300000,0x0000000100000000)
  to   space 94720K, 0% used [0x00000000f4700000,0x00000000f4700000,0x00000000fa380000)
 ParOldGen       total 209408K, used 209368K [0x00000000c0000000, 0x00000000ccc80000, 0x00000000eab00000)
  object space 209408K, 99% used [0x00000000c0000000,0x00000000ccc76198,0x00000000ccc80000)
 Metaspace       used 6670K, capacity 7320K, committed 7680K, reserved 1056768K
  class space    used 627K, capacity 656K, committed 768K, reserved 1048576K
Event: 67.946 GC heap after
Heap after GC invocations=36 (full 18):
 PSYoungGen      total 238592K, used 146662K [0x00000000eab00000, 0x0000000100000000, 0x0000000100000000)
  eden space 159744K, 91% used [0x00000000eab00000,0x00000000f3a39860,0x00000000f4700000)
  from space 78848K, 0% used [0x00000000fb300000,0x00000000fb300000,0x0000000100000000)
  to   space 94720K, 0% used [0x00000000f4700000,0x00000000f4700000,0x00000000fa380000)
 ParOldGen       total 209408K, used 209368K [0x00000000c0000000, 0x00000000ccc80000, 0x00000000eab00000)
  object space 209408K, 99% used [0x00000000c0000000,0x00000000ccc760f8,0x00000000ccc80000)
 Metaspace       used 6670K, capacity 7320K, committed 7680K, reserved 1056768K
  class space    used 627K, capacity 656K, committed 768K, reserved 1048576K
}
Event: 68.083 GC heap before
{Heap before GC invocations=37 (full 19):
 PSYoungGen      total 238592K, used 159744K [0x00000000eab00000, 0x0000000100000000, 0x0000000100000000)
  eden space 159744K, 100% used [0x00000000eab00000,0x00000000f4700000,0x00000000f4700000)
  from space 78848K, 0% used [0x00000000fb300000,0x00000000fb300000,0x0000000100000000)
  to   space 94720K, 0% used [0x00000000f4700000,0x00000000f4700000,0x00000000fa380000)
 ParOldGen       total 209408K, used 209368K [0x00000000c0000000, 0x00000000ccc80000, 0x00000000eab00000)
  object space 209408K, 99% used [0x00000000c0000000,0x00000000ccc760f8,0x00000000ccc80000)
 Metaspace       used 6670K, capacity 7320K, committed 7680K, reserved 1056768K
  class space    used 627K, capacity 656K, committed 768K, reserved 1048576K
Event: 69.233 GC heap after
Heap after GC invocations=37 (full 19):
 PSYoungGen      total 238592K, used 148938K [0x00000000eab00000, 0x0000000100000000, 0x0000000100000000)
  eden space 159744K, 93% used [0x00000000eab00000,0x00000000f3c72a20,0x00000000f4700000)
  from space 78848K, 0% used [0x00000000fb300000,0x00000000fb300000,0x0000000100000000)
  to   space 94720K, 0% used [0x00000000f4700000,0x00000000f4700000,0x00000000fa380000)
 ParOldGen       total 209408K, used 209368K [0x00000000c0000000, 0x00000000ccc80000, 0x00000000eab00000)
  object space 209408K, 99% used [0x00000000c0000000,0x00000000ccc760f8,0x00000000ccc80000)
 Metaspace       used 6670K, capacity 7320K, committed 7680K, reserved 1056768K
  class space    used 627K, capacity 656K, committed 768K, reserved 1048576K
}
Event: 69.296 GC heap before
{Heap before GC invocations=38 (full 20):
 PSYoungGen      total 238592K, used 159744K [0x00000000eab00000, 0x0000000100000000, 0x0000000100000000)
  eden space 159744K, 100% used [0x00000000eab00000,0x00000000f4700000,0x00000000f4700000)
  from space 78848K, 0% used [0x00000000fb300000,0x00000000fb300000,0x0000000100000000)
  to   space 94720K, 0% used [0x00000000f4700000,0x00000000f4700000,0x00000000fa380000)
 ParOldGen       total 209408K, used 209368K [0x00000000c0000000, 0x00000000ccc80000, 0x00000000eab00000)
  object space 209408K, 99% used [0x00000000c0000000,0x00000000ccc760f8,0x00000000ccc80000)
 Metaspace       used 6670K, capacity 7320K, committed 7680K, reserved 1056768K
  class space    used 627K, capacity 656K, committed 768K, reserved 1048576K
Event: 70.819 GC heap after
Heap after GC invocations=38 (full 20):
 PSYoungGen      total 238592K, used 150691K [0x00000000eab00000, 0x0000000100000000, 0x0000000100000000)
  eden space 159744K, 94% used [0x00000000eab00000,0x00000000f3e28ec0,0x00000000f4700000)
  from space 78848K, 0% used [0x00000000fb300000,0x00000000fb300000,0x0000000100000000)
  to   space 94720K, 0% used [0x00000000f4700000,0x00000000f4700000,0x00000000fa380000)
 ParOldGen       total 209408K, used 209368K [0x00000000c0000000, 0x00000000ccc80000, 0x00000000eab00000)
  object space 209408K, 99% used [0x00000000c0000000,0x00000000ccc760f8,0x00000000ccc80000)
 Metaspace       used 6670K, capacity 7320K, committed 7680K, reserved 1056768K
  class space    used 627K, capacity 656K, committed 768K, reserved 1048576K
}
Event: 70.887 GC heap before
{Heap before GC invocations=39 (full 21):
 PSYoungGen      total 238592K, used 159744K [0x00000000eab00000, 0x0000000100000000, 0x0000000100000000)
  eden space 159744K, 100% used [0x00000000eab00000,0x00000000f4700000,0x00000000f4700000)
  from space 78848K, 0% used [0x00000000fb300000,0x00000000fb300000,0x0000000100000000)
  to   space 94720K, 0% used [0x00000000f4700000,0x00000000f4700000,0x00000000fa380000)
 ParOldGen       total 209408K, used 209368K [0x00000000c0000000, 0x00000000ccc80000, 0x00000000eab00000)
  object space 209408K, 99% used [0x00000000c0000000,0x00000000ccc760f8,0x00000000ccc80000)
 Metaspace       used 6670K, capacity 7320K, committed 7680K, reserved 1056768K
  class space    used 627K, capacity 656K, committed 768K, reserved 1048576K

Deoptimization events (10 events):
Event: 35.269 Thread 0x00000000183b2000 Uncommon trap: reason=unstable_if action=reinterpret pc=0x0000000003af9edc method=com.android.dx.rop.code.RegisterSpec.equals(ILcom/android/dx/rop/type/TypeBearer;Lcom/android/dx/rop/code/LocalItem;)Z @ 42
Event: 35.284 Thread 0x000000001816d000 Uncommon trap: reason=speculate_class_check action=maybe_recompile pc=0x000000000395c974 method=com.android.dx.rop.cst.TypedConstant.getBasicType()I @ 1
Event: 35.331 Thread 0x0000000003540800 Uncommon trap: reason=speculate_class_check action=maybe_recompile pc=0x000000000395c974 method=com.android.dx.rop.cst.TypedConstant.getBasicType()I @ 1
Event: 35.345 Thread 0x000000001816d000 Uncommon trap: reason=speculate_class_check action=maybe_recompile pc=0x000000000395c974 method=com.android.dx.rop.cst.TypedConstant.getBasicType()I @ 1
Event: 35.346 Thread 0x000000001816d000 Uncommon trap: reason=speculate_class_check action=maybe_recompile pc=0x000000000395c974 method=com.android.dx.rop.cst.TypedConstant.getBasicType()I @ 1
Event: 42.081 Thread 0x000000001816d800 Uncommon trap: reason=bimorphic action=maybe_recompile pc=0x0000000003d9c018 method=com.android.dx.cf.code.BytecodeArray.parseInstruction(ILcom/android/dx/cf/code/BytecodeArray$Visitor;)I @ 1573
Event: 42.081 Thread 0x000000001816d800 Uncommon trap: reason=bimorphic action=maybe_recompile pc=0x0000000003d9c018 method=com.android.dx.cf.code.BytecodeArray.parseInstruction(ILcom/android/dx/cf/code/BytecodeArray$Visitor;)I @ 1573
Event: 44.390 Thread 0x00000000183b2000 Uncommon trap: reason=unstable_if action=reinterpret pc=0x0000000003ed05a8 method=java.util.HashMap.putVal(ILjava/lang/Object;Ljava/lang/Object;ZZ)Ljava/lang/Object; @ 109
Event: 55.205 Thread 0x000000001816d000 Uncommon trap: reason=unstable_if action=reinterpret pc=0x0000000003ee7478 method=com.android.dx.cf.code.RopperMachine.run(Lcom/android/dx/cf/code/Frame;II)V @ 356
Event: 55.277 Thread 0x000000001816d800 Uncommon trap: reason=unstable_if action=reinterpret pc=0x00000000040ffbc4 method=java.lang.Integer.valueOf(I)Ljava/lang/Integer; @ 10

Internal exceptions (10 events):
Event: 0.076 Thread 0x0000000003540800 Exception <a 'java/lang/NoSuchMethodError': Method sun.misc.Unsafe.prefetchRead(Ljava/lang/Object;J)V name or signature does not match> (0x00000000eab13370) thrown at [C:\workspace\8-2-build-windows-amd64-cygwin\jdk8u65\4987\hotspot\src\share\vm\prims\jni. TÕê≥˛?
Event: 1.919 Thread 0x00000000183b2000 Implicit null exception at 0x0000000003a750e2 to 0x0000000003a75191
Event: 2.445 Thread 0x0000000017ecc000 Implicit null exception at 0x0000000003a93105 to 0x0000000003a94a09
Event: 2.619 Thread 0x0000000003540800 Implicit null exception at 0x0000000003a4a2f8 to 0x0000000003a4c0e5
Event: 2.808 Thread 0x0000000017ecc000 Implicit null exception at 0x0000000003bdb8b9 to 0x0000000003bdb9c9
Event: 3.259 Thread 0x000000001816d000 Exception <a 'java/lang/ArrayIndexOutOfBoundsException': 18> (0x00000000ee26d350) thrown at [C:\workspace\8-2-build-windows-amd64-cygwin\jdk8u65\4987\hotspot\src\share\vm\interpreter\interpreterRuntime.cpp, line 366]
Event: 3.261 Thread 0x000000001816d000 Exception <a 'java/lang/ArrayIndexOutOfBoundsException': 145> (0x00000000ee26eed0) thrown at [C:\workspace\8-2-build-windows-amd64-cygwin\jdk8u65\4987\hotspot\src\share\vm\interpreter\interpreterRuntime.cpp, line 366]
Event: 3.264 Thread 0x000000001816d000 Exception <a 'java/lang/ArrayIndexOutOfBoundsException'> (0x00000000ee2701b8) thrown at [C:\workspace\8-2-build-windows-amd64-cygwin\jdk8u65\4987\hotspot\src\share\vm\runtime\sharedRuntime.cpp, line 605]
Event: 8.596 Thread 0x0000000003540800 Implicit null exception at 0x0000000003ee450c to 0x0000000003ee8525
Event: 35.268 Thread 0x00000000183b2000 Implicit null exception at 0x0000000003af9d96 to 0x0000000003af9ecd

Events (10 events):
Event: 65.738 Executing VM operation: ParallelGCFailedAllocation done
Event: 65.855 Executing VM operation: ParallelGCFailedAllocation
Event: 67.946 Executing VM operation: ParallelGCFailedAllocation done
Event: 68.083 Executing VM operation: ParallelGCFailedAllocation
Event: 69.233 Executing VM operation: ParallelGCFailedAllocation done
Event: 69.247 Thread 0x0000000015dbe800 flushing nmethod 0x0000000003880b50
Event: 69.292 Thread 0x0000000015dbe800 flushing nmethod 0x0000000003965a50
Event: 69.296 Executing VM operation: ParallelGCFailedAllocation
Event: 70.819 Executing VM operation: ParallelGCFailedAllocation done
Event: 70.887 Executing VM operation: ParallelGCFailedAllocation


Dynamic libraries:
0x00007ff7cfe50000 - 0x00007ff7cfe87000 	D:\runtime\jdk1.8.0_65\bin\java.exe
0x00007ff8cf680000 - 0x00007ff8cf841000 	C:\WINDOWS\SYSTEM32\ntdll.dll
0x00007ff8cf020000 - 0x00007ff8cf0cd000 	C:\WINDOWS\system32\KERNEL32.DLL
0x00007ff8cc720000 - 0x00007ff8cc908000 	C:\WINDOWS\system32\KERNELBASE.dll
0x00007ff8ceb80000 - 0x00007ff8cec27000 	C:\WINDOWS\system32\ADVAPI32.dll
0x00007ff8cd3d0000 - 0x00007ff8cd46d000 	C:\WINDOWS\system32\msvcrt.dll
0x00007ff8cee50000 - 0x00007ff8ceeab000 	C:\WINDOWS\system32\sechost.dll
0x00007ff8cd000000 - 0x00007ff8cd11c000 	C:\WINDOWS\system32\RPCRT4.dll
0x00007ff8ccea0000 - 0x00007ff8ccff6000 	C:\WINDOWS\system32\USER32.dll
0x00007ff8cd120000 - 0x00007ff8cd2a6000 	C:\WINDOWS\system32\GDI32.dll
0x00007ff8bf830000 - 0x00007ff8bfaa4000 	C:\WINDOWS\WinSxS\amd64_microsoft.windows.common-controls_6595b64144ccf1df_6.0.10586.0_none_8c15ae12515e1c22\COMCTL32.dll
0x00007ff8ccc10000 - 0x00007ff8cce8d000 	C:\WINDOWS\system32\combase.dll
0x00007ff8cca10000 - 0x00007ff8cca7a000 	C:\WINDOWS\system32\bcryptPrimitives.dll
0x00007ff8cf510000 - 0x00007ff8cf54b000 	C:\WINDOWS\system32\IMM32.DLL
0x000000005f0f0000 - 0x000000005f1c2000 	D:\runtime\jdk1.8.0_65\jre\bin\msvcr100.dll
0x000000005e860000 - 0x000000005f0e9000 	D:\runtime\jdk1.8.0_65\jre\bin\server\jvm.dll
0x00007ff8ceeb0000 - 0x00007ff8ceeb8000 	C:\WINDOWS\system32\PSAPI.DLL
0x00007ff8c2700000 - 0x00007ff8c2709000 	C:\WINDOWS\SYSTEM32\WSOCK32.dll
0x00007ff8c9ef0000 - 0x00007ff8c9f13000 	C:\WINDOWS\SYSTEM32\WINMM.dll
0x00007ff8c8840000 - 0x00007ff8c884a000 	C:\WINDOWS\SYSTEM32\VERSION.dll
0x00007ff8cd360000 - 0x00007ff8cd3cb000 	C:\WINDOWS\system32\WS2_32.dll
0x00000000018d0000 - 0x00000000018fc000 	C:\WINDOWS\SYSTEM32\WINMMBASE.dll
0x00007ff8cc9c0000 - 0x00007ff8cca03000 	C:\WINDOWS\system32\cfgmgr32.dll
0x000000005e850000 - 0x000000005e85f000 	D:\runtime\jdk1.8.0_65\jre\bin\verify.dll
0x000000005e820000 - 0x000000005e849000 	D:\runtime\jdk1.8.0_65\jre\bin\java.dll
0x000000005e800000 - 0x000000005e816000 	D:\runtime\jdk1.8.0_65\jre\bin\zip.dll
0x00007ff8cd4d0000 - 0x00007ff8cea2c000 	C:\WINDOWS\system32\SHELL32.dll
0x00007ff8cbf00000 - 0x00007ff8cc544000 	C:\WINDOWS\system32\windows.storage.dll
0x00007ff8cca80000 - 0x00007ff8ccad2000 	C:\WINDOWS\system32\shlwapi.dll
0x00007ff8cbca0000 - 0x00007ff8cbcaf000 	C:\WINDOWS\system32\kernel.appcore.dll
0x00007ff8cc550000 - 0x00007ff8cc605000 	C:\WINDOWS\system32\shcore.dll
0x00007ff8cbcd0000 - 0x00007ff8cbd1b000 	C:\WINDOWS\system32\powrprof.dll
0x00007ff8cbcb0000 - 0x00007ff8cbcc4000 	C:\WINDOWS\system32\profapi.dll

VM Arguments:
jvm_args: -Djava.awt.headless=true -Xmx1024M -Dfile.encoding=UTF-8 -Duser.country=CN -Duser.language=zh -Duser.variant 
java_command: com.android.dx.command.Main --dex --num-threads=4 --multi-dex --main-dex-list D:\work\androidStudioProject\MyHX\app\build\intermediates\multi-dex\debug\maindexlist.txt --output D:\work\androidStudioProject\MyHX\app\build\intermediates\transforms\dex\debug\folders\1000\1f\main D:\work\androidStudioProject\MyHX\app\build\intermediates\transforms\jarMerging\debug\jars\1\1f\combined.jar
java_class_path (initial): D:\runtime\android\android-sdk\build-tools\23.0.2\lib\dx.jar
Launcher Type: SUN_STANDARD

Environment Variables:
JAVA_HOME=D:\runtime\jdk1.8.0_92
CLASSPATH=.;D:\runtime\jdk1.8.0_92\lib;D:\runtime\jdk1.8.0_92\lib\tools.jar
PATH=C:\WINDOWS\system32;C:\WINDOWS;C:\WINDOWS\System32\Wbem;C:\WINDOWS\System32\WindowsPowerShell\v1.0\;C:\Program Files (x86)\ATI Technologies\ATI.ACE\Core-Static;C:\Program Files (x86)\AMD\ATI.ACE\Core-Static;D:\runtime\jdk1.8.0_92\bin;d:\Program Files (x86)\Microsoft VS Code\bin
USERNAME=Administrator
OS=Windows_NT
PROCESSOR_IDENTIFIER=AMD64 Family 18 Model 1 Stepping 0, AuthenticAMD



---------------  S Y S T E M  ---------------

OS: Windows 10.0 , 64 bit Build 10586 (10.0.10586.0)

CPU:total 4 (4 cores per cpu, 1 threads per core) family 18 model 1 stepping 0, cmov, cx8, fxsr, mmx, sse, sse2, sse3, popcnt, mmxext, 3dnowpref, lzcnt, sse4a, tsc, tscinvbit, tscinv

Memory: 4k page, physical 3646296k(223604k free), swap 7840600k(4124k free)

vm_info: Java HotSpot(TM) 64-Bit Server VM (25.65-b01) for windows-amd64 JRE (1.8.0_65-b17), built on Oct  6 2015 16:39:20 by "java_re" with MS VC++ 10.0 (VS2010)

time: Thu Jun 23 16:31:11 2016
elapsed time: 71 seconds (0d 0h 1m 11s)

